This is pdfTeX, Version 3.14159265-2.6-1.40.16 (TeX Live 2015/Debian) (preloaded format=pdflatex 2016.1.30)  8 FEB 2016 17:42
entering extended mode
 restricted \write18 enabled.
 %&-line parsing enabled.
**analysis_root.tex
(./analysis_root.tex
LaTeX2e <2015/10/01> patch level 2
Babel <3.9n> and hyphenation patterns for 2 languages loaded.
)
! Emergency stop.
<*> analysis_root.tex
                     
*** (job aborted, no legal \end found)

 
Here is how much of TeX's memory you used:
 5 strings out of 494965
 158 string characters out of 6181077
 45086 words of memory out of 5000000
 3378 multiletter control sequences out of 15000+600000
 3640 words of font info for 14 fonts, out of 8000000 for 9000
 14 hyphenation exceptions out of 8191
 5i,0n,1p,1b,8s stack positions out of 5000i,500n,10000p,200000b,80000s
!  ==> Fatal error occurred, no output PDF file produced!
